{"name": "test_sf_login", "status": "failed", "statusDetails": {"message": "AssertionError: assert ()", "trace": "launch_browser = <selenium.webdriver.chrome.webdriver.WebDriver (session=\"eae48350b7cf982a561e2084a803663e\")>\n\n    def test_sf_login(launch_browser):\n        print(f'{launch_browser} asdasdasdasdasdasd151515151')\n        time.sleep(5)\n>       assert ()\nE       assert ()\n\ntests\\test_sf_login.py:11: AssertionError"}, "start": 1678452160789, "stop": 1678452165795, "uuid": "c9093843-6821-43ef-95b1-8e9535742b6d", "historyId": "2ff2a59f7aefcaf0398d6ec08ea123b6", "testCaseId": "7e7afc667e29029e00a32aeec04a3ac6", "fullName": "tests.test_sf_login#test_sf_login", "labels": [{"name": "parentSuite", "value": "tests"}, {"name": "suite", "value": "test_sf_login"}, {"name": "host", "value": "DESKTOP-94844R5"}, {"name": "thread", "value": "12692-MainThread"}, {"name": "framework", "value": "pytest"}, {"name": "language", "value": "cpython3"}, {"name": "package", "value": "tests.test_sf_login"}]}